Arguments: 
  /home/nikopol/.nvm/versions/node/v10.10.0/bin/node /home/nikopol/.yarn/bin/yarn.js init

PATH: 
  /home/nikopol/.yarn/bin:/home/nikopol/.nvm/versions/node/v10.10.0/bin:/home/nikopol/.yarn/bin:/usr/local/sbin:/usr/local/bin:/usr/sbin:/usr/bin:/sbin:/bin:/usr/games:/usr/local/games:/snap/bin:/usr/lib/jvm/java-8-oracle/bin:/usr/lib/jvm/java-8-oracle/db/bin:/usr/lib/jvm/java-8-oracle/jre/bin:/usr/lib/jvm/java-8-oracle/bin:/usr/lib/jvm/java-8-oracle/db/bin:/usr/lib/jvm/java-8-oracle/jre/bin:/home/nikopol/Android/Sdk/tools:/home/nikopol/Android/Sdk/platform-tools:/home/nikopol/Android/Sdk/tools:/home/nikopol/Android/Sdk/platform-tools

Yarn version: 
  1.12.3

Node version: 
  10.10.0

Platform: 
  linux x64

Trace: 
  Error: canceled
      at Interface.<anonymous> (/home/nikopol/.yarn/lib/cli.js:125278:13)
      at Interface.emit (events.js:182:13)
      at Interface._ttyWrite (readline.js:783:16)
      at ReadStream.onkeypress (readline.js:168:10)
      at ReadStream.emit (events.js:182:13)
      at emitKeys (internal/readline.js:424:14)
      at emitKeys.next (<anonymous>)
      at ReadStream.onData (readline.js:1022:36)
      at ReadStream.emit (events.js:182:13)
      at addChunk (_stream_readable.js:283:12)

npm manifest: 
  {
    "name": "zetapulse",
    "version": "0.1.0",
    "private": true,
    "scripts": {
      "init": "cd front && yarn && cd worker && yarn",
      "start-front": "cd front && yarn start",
      "start-worker": "cd worker && yarn start"
    }
  }

yarn manifest: 
  No manifest

Lockfile: 
  # THIS IS AN AUTOGENERATED FILE. DO NOT EDIT THIS FILE DIRECTLY.
  # yarn lockfile v1
